-------------------------------------------------------------------------------
Test set: Servicio.IClienteServiceTest
-------------------------------------------------------------------------------
Tests run: 5, Failures: 1, Errors: 3, Skipped: 0, Time elapsed: 4.875 s <<< FAILURE! -- in Servicio.IClienteServiceTest
Servicio.IClienteServiceTest.testActualizar -- Time elapsed: 1.869 s <<< ERROR!
java.lang.NullPointerException: Cannot invoke "Model.Cliente.setNombreCliente(String)" because "guardado" is null
	at Servicio.IClienteServiceTest.testActualizar(IClienteServiceTest.java:105)
	at java.base/java.lang.reflect.Method.invoke(Method.java:565)
	at java.base/java.util.ArrayList.forEach(ArrayList.java:1604)
	at java.base/java.util.ArrayList.forEach(ArrayList.java:1604)

Servicio.IClienteServiceTest.testBuscarPorId -- Time elapsed: 0.590 s <<< ERROR!
java.lang.NullPointerException: Cannot invoke "Model.Cliente.getIdCliente()" because "guardado" is null
	at Servicio.IClienteServiceTest.testBuscarPorId(IClienteServiceTest.java:90)
	at java.base/java.lang.reflect.Method.invoke(Method.java:565)
	at java.base/java.util.ArrayList.forEach(ArrayList.java:1604)
	at java.base/java.util.ArrayList.forEach(ArrayList.java:1604)

Servicio.IClienteServiceTest.testRegistrar -- Time elapsed: 0.590 s <<< FAILURE!
org.opentest4j.AssertionFailedError: Register should return true ==> expected: <true> but was: <false>
	at org.junit.jupiter.api.AssertionFailureBuilder.build(AssertionFailureBuilder.java:151)
	at org.junit.jupiter.api.AssertionFailureBuilder.buildAndThrow(AssertionFailureBuilder.java:132)
	at org.junit.jupiter.api.AssertTrue.failNotTrue(AssertTrue.java:63)
	at org.junit.jupiter.api.AssertTrue.assertTrue(AssertTrue.java:36)
	at org.junit.jupiter.api.Assertions.assertTrue(Assertions.java:214)
	at Servicio.IClienteServiceTest.testRegistrar(IClienteServiceTest.java:67)
	at java.base/java.lang.reflect.Method.invoke(Method.java:565)
	at java.base/java.util.ArrayList.forEach(ArrayList.java:1604)
	at java.base/java.util.ArrayList.forEach(ArrayList.java:1604)

Servicio.IClienteServiceTest.testEliminar -- Time elapsed: 0.603 s <<< ERROR!
java.lang.NullPointerException: Cannot invoke "Model.Cliente.getIdCliente()" because "guardado" is null
	at Servicio.IClienteServiceTest.testEliminar(IClienteServiceTest.java:125)
	at java.base/java.lang.reflect.Method.invoke(Method.java:565)
	at java.base/java.util.ArrayList.forEach(ArrayList.java:1604)
	at java.base/java.util.ArrayList.forEach(ArrayList.java:1604)

