-------------------------------------------------------------------------------
Test set: Servicio.IncidenciaServiceTest
-------------------------------------------------------------------------------
Tests run: 5, Failures: 0, Errors: 5, Skipped: 0, Time elapsed: 0.739 s <<< FAILURE! -- in Servicio.IncidenciaServiceTest
Servicio.IncidenciaServiceTest.testActualizar -- Time elapsed: 0.504 s <<< ERROR!
java.lang.IncompatibleClassChangeError: class Observer.EntidadObservable can not implement Observer.Observable, because it is not an interface (Observer.Observable is in unnamed module of loader 'app')
	at java.base/java.lang.ClassLoader.defineClass1(Native Method)
	at java.base/java.lang.ClassLoader.defineClass(ClassLoader.java:962)
	at java.base/java.security.SecureClassLoader.defineClass(SecureClassLoader.java:132)
	at java.base/jdk.internal.loader.BuiltinClassLoader.defineClass(BuiltinClassLoader.java:776)
	at java.base/jdk.internal.loader.BuiltinClassLoader.findClassOnClassPathOrNull(BuiltinClassLoader.java:691)
	at java.base/jdk.internal.loader.BuiltinClassLoader.loadClassOrNull(BuiltinClassLoader.java:620)
	at java.base/jdk.internal.loader.BuiltinClassLoader.loadClass(BuiltinClassLoader.java:578)
	at java.base/java.lang.ClassLoader.loadClass(ClassLoader.java:490)
	at Observer.EntidadObservableSingleton.<clinit>(EntidadObservableSingleton.java:9)
	at Servicio.IncidenciaService.registrar(IncidenciaService.java:60)
	at Servicio.IncidenciaServiceTest.testActualizar(IncidenciaServiceTest.java:112)
	at java.base/java.lang.reflect.Method.invoke(Method.java:565)
	at java.base/java.util.ArrayList.forEach(ArrayList.java:1604)
	at java.base/java.util.ArrayList.forEach(ArrayList.java:1604)

Servicio.IncidenciaServiceTest.testObtenerTodos -- Time elapsed: 0.041 s <<< ERROR!
java.lang.NoClassDefFoundError: Could not initialize class Observer.EntidadObservableSingleton
	at Servicio.IncidenciaService.registrar(IncidenciaService.java:60)
	at Servicio.IncidenciaServiceTest.testObtenerTodos(IncidenciaServiceTest.java:83)
	at java.base/java.lang.reflect.Method.invoke(Method.java:565)
	at java.base/java.util.ArrayList.forEach(ArrayList.java:1604)
	at java.base/java.util.ArrayList.forEach(ArrayList.java:1604)
Caused by: java.lang.ExceptionInInitializerError: Exception java.lang.IncompatibleClassChangeError: class Observer.EntidadObservable can not implement Observer.Observable, because it is not an interface (Observer.Observable is in unnamed module of loader 'app') [in thread "main"]
	at java.base/java.lang.ClassLoader.defineClass1(Native Method)
	at java.base/java.lang.ClassLoader.defineClass(ClassLoader.java:962)
	at java.base/java.security.SecureClassLoader.defineClass(SecureClassLoader.java:132)
	at java.base/jdk.internal.loader.BuiltinClassLoader.defineClass(BuiltinClassLoader.java:776)
	at java.base/jdk.internal.loader.BuiltinClassLoader.findClassOnClassPathOrNull(BuiltinClassLoader.java:691)
	at java.base/jdk.internal.loader.BuiltinClassLoader.loadClassOrNull(BuiltinClassLoader.java:620)
	at java.base/jdk.internal.loader.BuiltinClassLoader.loadClass(BuiltinClassLoader.java:578)
	at java.base/java.lang.ClassLoader.loadClass(ClassLoader.java:490)
	at Observer.EntidadObservableSingleton.<clinit>(EntidadObservableSingleton.java:9)
	at Servicio.IncidenciaService.registrar(IncidenciaService.java:60)
	at Servicio.IncidenciaServiceTest.testActualizar(IncidenciaServiceTest.java:112)
	... 3 more

Servicio.IncidenciaServiceTest.testBuscarPorId -- Time elapsed: 0.050 s <<< ERROR!
java.lang.NoClassDefFoundError: Could not initialize class Observer.EntidadObservableSingleton
	at Servicio.IncidenciaService.registrar(IncidenciaService.java:60)
	at Servicio.IncidenciaServiceTest.testBuscarPorId(IncidenciaServiceTest.java:98)
	at java.base/java.lang.reflect.Method.invoke(Method.java:565)
	at java.base/java.util.ArrayList.forEach(ArrayList.java:1604)
	at java.base/java.util.ArrayList.forEach(ArrayList.java:1604)
Caused by: java.lang.ExceptionInInitializerError: Exception java.lang.IncompatibleClassChangeError: class Observer.EntidadObservable can not implement Observer.Observable, because it is not an interface (Observer.Observable is in unnamed module of loader 'app') [in thread "main"]
	at java.base/java.lang.ClassLoader.defineClass1(Native Method)
	at java.base/java.lang.ClassLoader.defineClass(ClassLoader.java:962)
	at java.base/java.security.SecureClassLoader.defineClass(SecureClassLoader.java:132)
	at java.base/jdk.internal.loader.BuiltinClassLoader.defineClass(BuiltinClassLoader.java:776)
	at java.base/jdk.internal.loader.BuiltinClassLoader.findClassOnClassPathOrNull(BuiltinClassLoader.java:691)
	at java.base/jdk.internal.loader.BuiltinClassLoader.loadClassOrNull(BuiltinClassLoader.java:620)
	at java.base/jdk.internal.loader.BuiltinClassLoader.loadClass(BuiltinClassLoader.java:578)
	at java.base/java.lang.ClassLoader.loadClass(ClassLoader.java:490)
	at Observer.EntidadObservableSingleton.<clinit>(EntidadObservableSingleton.java:9)
	at Servicio.IncidenciaService.registrar(IncidenciaService.java:60)
	at Servicio.IncidenciaServiceTest.testActualizar(IncidenciaServiceTest.java:112)
	... 3 more

Servicio.IncidenciaServiceTest.testRegistrar -- Time elapsed: 0.046 s <<< ERROR!
java.lang.NoClassDefFoundError: Could not initialize class Observer.EntidadObservableSingleton
	at Servicio.IncidenciaService.registrar(IncidenciaService.java:60)
	at Servicio.IncidenciaServiceTest.testRegistrar(IncidenciaServiceTest.java:74)
	at java.base/java.lang.reflect.Method.invoke(Method.java:565)
	at java.base/java.util.ArrayList.forEach(ArrayList.java:1604)
	at java.base/java.util.ArrayList.forEach(ArrayList.java:1604)
Caused by: java.lang.ExceptionInInitializerError: Exception java.lang.IncompatibleClassChangeError: class Observer.EntidadObservable can not implement Observer.Observable, because it is not an interface (Observer.Observable is in unnamed module of loader 'app') [in thread "main"]
	at java.base/java.lang.ClassLoader.defineClass1(Native Method)
	at java.base/java.lang.ClassLoader.defineClass(ClassLoader.java:962)
	at java.base/java.security.SecureClassLoader.defineClass(SecureClassLoader.java:132)
	at java.base/jdk.internal.loader.BuiltinClassLoader.defineClass(BuiltinClassLoader.java:776)
	at java.base/jdk.internal.loader.BuiltinClassLoader.findClassOnClassPathOrNull(BuiltinClassLoader.java:691)
	at java.base/jdk.internal.loader.BuiltinClassLoader.loadClassOrNull(BuiltinClassLoader.java:620)
	at java.base/jdk.internal.loader.BuiltinClassLoader.loadClass(BuiltinClassLoader.java:578)
	at java.base/java.lang.ClassLoader.loadClass(ClassLoader.java:490)
	at Observer.EntidadObservableSingleton.<clinit>(EntidadObservableSingleton.java:9)
	at Servicio.IncidenciaService.registrar(IncidenciaService.java:60)
	at Servicio.IncidenciaServiceTest.testActualizar(IncidenciaServiceTest.java:112)
	... 3 more

Servicio.IncidenciaServiceTest.testEliminar -- Time elapsed: 0.049 s <<< ERROR!
java.lang.NoClassDefFoundError: Could not initialize class Observer.EntidadObservableSingleton
	at Servicio.IncidenciaService.registrar(IncidenciaService.java:60)
	at Servicio.IncidenciaServiceTest.testEliminar(IncidenciaServiceTest.java:134)
	at java.base/java.lang.reflect.Method.invoke(Method.java:565)
	at java.base/java.util.ArrayList.forEach(ArrayList.java:1604)
	at java.base/java.util.ArrayList.forEach(ArrayList.java:1604)
Caused by: java.lang.ExceptionInInitializerError: Exception java.lang.IncompatibleClassChangeError: class Observer.EntidadObservable can not implement Observer.Observable, because it is not an interface (Observer.Observable is in unnamed module of loader 'app') [in thread "main"]
	at java.base/java.lang.ClassLoader.defineClass1(Native Method)
	at java.base/java.lang.ClassLoader.defineClass(ClassLoader.java:962)
	at java.base/java.security.SecureClassLoader.defineClass(SecureClassLoader.java:132)
	at java.base/jdk.internal.loader.BuiltinClassLoader.defineClass(BuiltinClassLoader.java:776)
	at java.base/jdk.internal.loader.BuiltinClassLoader.findClassOnClassPathOrNull(BuiltinClassLoader.java:691)
	at java.base/jdk.internal.loader.BuiltinClassLoader.loadClassOrNull(BuiltinClassLoader.java:620)
	at java.base/jdk.internal.loader.BuiltinClassLoader.loadClass(BuiltinClassLoader.java:578)
	at java.base/java.lang.ClassLoader.loadClass(ClassLoader.java:490)
	at Observer.EntidadObservableSingleton.<clinit>(EntidadObservableSingleton.java:9)
	at Servicio.IncidenciaService.registrar(IncidenciaService.java:60)
	at Servicio.IncidenciaServiceTest.testActualizar(IncidenciaServiceTest.java:112)
	... 3 more

