<?xml version="1.0" encoding="UTF-8"?>
<testsuite xmlns:xsi="http://www.w3.org/2001/XMLSchema-instance" xsi:noNamespaceSchemaLocation="https://maven.apache.org/surefire/maven-surefire-plugin/xsd/surefire-test-report-3.0.xsd" version="3.0" name="Servicio.IClienteServiceTest" time="4.875" tests="5" errors="3" skipped="0" failures="1">
  <properties>
[...]
</properties>
  <testcase name="testActualizar" classname="Servicio.IClienteServiceTest" time="1.869">
    <error message="Cannot invoke &quot;Model.Cliente.setNombreCliente(String)&quot; because &quot;guardado&quot; is null" type="java.lang.NullPointerException"><![CDATA[java.lang.NullPointerException: Cannot invoke "Model.Cliente.setNombreCliente(String)" because "guardado" is null
	at Servicio.IClienteServiceTest.testActualizar(IClienteServiceTest.java:105)
	at java.base/java.lang.reflect.Method.invoke(Method.java:565)
	at java.base/java.util.ArrayList.forEach(ArrayList.java:1604)
	at java.base/java.util.ArrayList.forEach(ArrayList.java:1604)
]]></error>
    <system-out><![CDATA[Conexion a la base de datos MySQL establecida correctamente.
TEST: Actualizar (Close the JOptionPane)
]]></system-out>
    <system-err><![CDATA[❌ Error al registrar cliente: Column 'direccion_cliente' cannot be null
]]></system-err>
  </testcase>
  <testcase name="testObtenerTodos" classname="Servicio.IClienteServiceTest" time="1.188">
    <system-out><![CDATA[TEST: Obtener Todos (Close the JOptionPane)
]]></system-out>
    <system-err><![CDATA[❌ Error al registrar cliente: Column 'direccion_cliente' cannot be null
]]></system-err>
  </testcase>
  <testcase name="testBuscarPorId" classname="Servicio.IClienteServiceTest" time="0.59">
    <error message="Cannot invoke &quot;Model.Cliente.getIdCliente()&quot; because &quot;guardado&quot; is null" type="java.lang.NullPointerException"><![CDATA[java.lang.NullPointerException: Cannot invoke "Model.Cliente.getIdCliente()" because "guardado" is null
	at Servicio.IClienteServiceTest.testBuscarPorId(IClienteServiceTest.java:90)
	at java.base/java.lang.reflect.Method.invoke(Method.java:565)
	at java.base/java.util.ArrayList.forEach(ArrayList.java:1604)
	at java.base/java.util.ArrayList.forEach(ArrayList.java:1604)
]]></error>
    <system-out><![CDATA[TEST: Buscar Por ID (Close the JOptionPane)
]]></system-out>
    <system-err><![CDATA[❌ Error al registrar cliente: Column 'direccion_cliente' cannot be null
]]></system-err>
  </testcase>
  <testcase name="testRegistrar" classname="Servicio.IClienteServiceTest" time="0.59">
    <failure message="Register should return true ==&gt; expected: &lt;true&gt; but was: &lt;false&gt;" type="org.opentest4j.AssertionFailedError"><![CDATA[org.opentest4j.AssertionFailedError: Register should return true ==> expected: <true> but was: <false>
	at org.junit.jupiter.api.AssertionFailureBuilder.build(AssertionFailureBuilder.java:151)
	at org.junit.jupiter.api.AssertionFailureBuilder.buildAndThrow(AssertionFailureBuilder.java:132)
	at org.junit.jupiter.api.AssertTrue.failNotTrue(AssertTrue.java:63)
	at org.junit.jupiter.api.AssertTrue.assertTrue(AssertTrue.java:36)
	at org.junit.jupiter.api.Assertions.assertTrue(Assertions.java:214)
	at Servicio.IClienteServiceTest.testRegistrar(IClienteServiceTest.java:67)
	at java.base/java.lang.reflect.Method.invoke(Method.java:565)
	at java.base/java.util.ArrayList.forEach(ArrayList.java:1604)
	at java.base/java.util.ArrayList.forEach(ArrayList.java:1604)
]]></failure>
    <system-out><![CDATA[TEST: Registrar (Please close the JOptionPane)
]]></system-out>
    <system-err><![CDATA[❌ Error al registrar cliente: Column 'direccion_cliente' cannot be null
]]></system-err>
  </testcase>
  <testcase name="testEliminar" classname="Servicio.IClienteServiceTest" time="0.603">
    <error message="Cannot invoke &quot;Model.Cliente.getIdCliente()&quot; because &quot;guardado&quot; is null" type="java.lang.NullPointerException"><![CDATA[java.lang.NullPointerException: Cannot invoke "Model.Cliente.getIdCliente()" because "guardado" is null
	at Servicio.IClienteServiceTest.testEliminar(IClienteServiceTest.java:125)
	at java.base/java.lang.reflect.Method.invoke(Method.java:565)
	at java.base/java.util.ArrayList.forEach(ArrayList.java:1604)
	at java.base/java.util.ArrayList.forEach(ArrayList.java:1604)
]]></error>
    <system-out><![CDATA[TEST: Eliminar (Close the JOptionPane)
]]></system-out>
    <system-err><![CDATA[❌ Error al registrar cliente: Column 'direccion_cliente' cannot be null
]]></system-err>
  </testcase>
</testsuite>