<?xml version="1.0" encoding="UTF-8"?>
<testsuite xmlns:xsi="http://www.w3.org/2001/XMLSchema-instance" xsi:noNamespaceSchemaLocation="https://maven.apache.org/surefire/maven-surefire-plugin/xsd/surefire-test-report-3.0.xsd" version="3.0" name="Repositorio.SeguimientoRepositorioTest" time="0.767" tests="6" errors="0" skipped="0" failures="1">
  <properties>
[...]
</properties>
  <testcase name="testActualizar" classname="Repositorio.SeguimientoRepositorioTest" time="0.477">
    <failure message="Actualizar debe devolver true ==&gt; expected: &lt;true&gt; but was: &lt;false&gt;" type="org.opentest4j.AssertionFailedError"><![CDATA[org.opentest4j.AssertionFailedError: Actualizar debe devolver true ==> expected: <true> but was: <false>
	at org.junit.jupiter.api.AssertionFailureBuilder.build(AssertionFailureBuilder.java:151)
	at org.junit.jupiter.api.AssertionFailureBuilder.buildAndThrow(AssertionFailureBuilder.java:132)
	at org.junit.jupiter.api.AssertTrue.failNotTrue(AssertTrue.java:63)
	at org.junit.jupiter.api.AssertTrue.assertTrue(AssertTrue.java:36)
	at org.junit.jupiter.api.Assertions.assertTrue(Assertions.java:214)
	at Repositorio.SeguimientoRepositorioTest.testActualizar(SeguimientoRepositorioTest.java:96)
	at java.base/java.lang.reflect.Method.invoke(Method.java:565)
	at java.base/java.util.ArrayList.forEach(ArrayList.java:1604)
	at java.base/java.util.ArrayList.forEach(ArrayList.java:1604)
]]></failure>
    <system-out><![CDATA[Conexion a la base de datos MySQL establecida correctamente.
TEST: actualizar
]]></system-out>
    <system-err><![CDATA[❌ Error al actualizar seguimiento: No value specified for parameter 5
]]></system-err>
  </testcase>
  <testcase name="testEmailRegistrado" classname="Repositorio.SeguimientoRepositorioTest" time="0.035">
    <system-out><![CDATA[TEST: emailRegistrado (Tabla Cliente)
]]></system-out>
  </testcase>
  <testcase name="testObtenerTodos" classname="Repositorio.SeguimientoRepositorioTest" time="0.058">
    <system-out><![CDATA[TEST: obtenerTodos
]]></system-out>
  </testcase>
  <testcase name="testRegistrar" classname="Repositorio.SeguimientoRepositorioTest" time="0.044">
    <system-out><![CDATA[TEST: registrar
]]></system-out>
  </testcase>
  <testcase name="testEliminar" classname="Repositorio.SeguimientoRepositorioTest" time="0.063">
    <system-out><![CDATA[TEST: eliminar
]]></system-out>
  </testcase>
  <testcase name="testTelefonoRegistrado" classname="Repositorio.SeguimientoRepositorioTest" time="0.035">
    <system-out><![CDATA[TEST: telefonoRegistrado (Tabla Cliente)
]]></system-out>
  </testcase>
</testsuite>