<?xml version="1.0" encoding="UTF-8"?>
<testsuite xmlns:xsi="http://www.w3.org/2001/XMLSchema-instance" xsi:noNamespaceSchemaLocation="https://maven.apache.org/surefire/maven-surefire-plugin/xsd/surefire-test-report-3.0.xsd" version="3.0" name="Repositorio.AuthServiceTest" time="0.545" tests="4" errors="0" skipped="0" failures="2">
  <properties>
[...]
</properties>
  <testcase name="testValidarCredencialesCliente_Correctas" classname="Repositorio.AuthServiceTest" time="0.465">
    <failure message="expected: &lt;true&gt; but was: &lt;false&gt;" type="org.opentest4j.AssertionFailedError"><![CDATA[org.opentest4j.AssertionFailedError: expected: <true> but was: <false>
	at org.junit.jupiter.api.AssertionFailureBuilder.build(AssertionFailureBuilder.java:151)
	at org.junit.jupiter.api.AssertionFailureBuilder.buildAndThrow(AssertionFailureBuilder.java:132)
	at org.junit.jupiter.api.AssertTrue.failNotTrue(AssertTrue.java:63)
	at org.junit.jupiter.api.AssertTrue.assertTrue(AssertTrue.java:36)
	at org.junit.jupiter.api.AssertTrue.assertTrue(AssertTrue.java:31)
	at org.junit.jupiter.api.Assertions.assertTrue(Assertions.java:183)
	at Repositorio.AuthServiceTest.testValidarCredencialesCliente_Correctas(AuthServiceTest.java:25)
	at java.base/java.lang.reflect.Method.invoke(Method.java:565)
	at java.base/java.util.ArrayList.forEach(ArrayList.java:1604)
	at java.base/java.util.ArrayList.forEach(ArrayList.java:1604)
]]></failure>
    <system-out><![CDATA[Conexion a la base de datos MySQL establecida correctamente.
🔍 Validando: test@correo.com → Existe: false
]]></system-out>
  </testcase>
  <testcase name="testValidarCredencialesDueno_Incorrectas" classname="Repositorio.AuthServiceTest" time="0.015">
    <system-out><![CDATA[🔍 Validando:  → Existe: false
]]></system-out>
  </testcase>
  <testcase name="testValidarCredencialesDueno_Correctas" classname="Repositorio.AuthServiceTest" time="0.012">
    <failure message="expected: &lt;true&gt; but was: &lt;false&gt;" type="org.opentest4j.AssertionFailedError"><![CDATA[org.opentest4j.AssertionFailedError: expected: <true> but was: <false>
	at org.junit.jupiter.api.AssertionFailureBuilder.build(AssertionFailureBuilder.java:151)
	at org.junit.jupiter.api.AssertionFailureBuilder.buildAndThrow(AssertionFailureBuilder.java:132)
	at org.junit.jupiter.api.AssertTrue.failNotTrue(AssertTrue.java:63)
	at org.junit.jupiter.api.AssertTrue.assertTrue(AssertTrue.java:36)
	at org.junit.jupiter.api.AssertTrue.assertTrue(AssertTrue.java:31)
	at org.junit.jupiter.api.Assertions.assertTrue(Assertions.java:183)
	at Repositorio.AuthServiceTest.testValidarCredencialesDueno_Correctas(AuthServiceTest.java:44)
	at java.base/java.lang.reflect.Method.invoke(Method.java:565)
	at java.base/java.util.ArrayList.forEach(ArrayList.java:1604)
	at java.base/java.util.ArrayList.forEach(ArrayList.java:1604)
]]></failure>
    <system-out><![CDATA[🔍 Validando: dueno@correo.com → Existe: false
]]></system-out>
  </testcase>
  <testcase name="testValidarCredencialesCliente_Incorrectas" classname="Repositorio.AuthServiceTest" time="0.011">
    <system-out><![CDATA[🔍 Validando:  → Existe: false
]]></system-out>
  </testcase>
</testsuite>