<?xml version="1.0" encoding="UTF-8"?>
<testsuite xmlns:xsi="http://www.w3.org/2001/XMLSchema-instance" xsi:noNamespaceSchemaLocation="https://maven.apache.org/surefire/maven-surefire-plugin/xsd/surefire-test-report-3.0.xsd" version="3.0" name="Servicio.IncidenciaServiceTest" time="0.739" tests="5" errors="5" skipped="0" failures="0">
  <properties>
[...]
</properties>
  <testcase name="testActualizar" classname="Servicio.IncidenciaServiceTest" time="0.504">
    <error message="class Observer.EntidadObservable can not implement Observer.Observable, because it is not an interface (Observer.Observable is in unnamed module of loader &apos;app&apos;)" type="java.lang.IncompatibleClassChangeError"><![CDATA[java.lang.IncompatibleClassChangeError: class Observer.EntidadObservable can not implement Observer.Observable, because it is not an interface (Observer.Observable is in unnamed module of loader 'app')
	at java.base/java.lang.ClassLoader.defineClass1(Native Method)
	at java.base/java.lang.ClassLoader.defineClass(ClassLoader.java:962)
	at java.base/java.security.SecureClassLoader.defineClass(SecureClassLoader.java:132)
	at java.base/jdk.internal.loader.BuiltinClassLoader.defineClass(BuiltinClassLoader.java:776)
	at java.base/jdk.internal.loader.BuiltinClassLoader.findClassOnClassPathOrNull(BuiltinClassLoader.java:691)
	at java.base/jdk.internal.loader.BuiltinClassLoader.loadClassOrNull(BuiltinClassLoader.java:620)
	at java.base/jdk.internal.loader.BuiltinClassLoader.loadClass(BuiltinClassLoader.java:578)
	at java.base/java.lang.ClassLoader.loadClass(ClassLoader.java:490)
	at Observer.EntidadObservableSingleton.<clinit>(EntidadObservableSingleton.java:9)
	at Servicio.IncidenciaService.registrar(IncidenciaService.java:60)
	at Servicio.IncidenciaServiceTest.testActualizar(IncidenciaServiceTest.java:112)
	at java.base/java.lang.reflect.Method.invoke(Method.java:565)
	at java.base/java.util.ArrayList.forEach(ArrayList.java:1604)
	at java.base/java.util.ArrayList.forEach(ArrayList.java:1604)
]]></error>
    <system-out><![CDATA[Conexion a la base de datos MySQL establecida correctamente.
TEST: Actualizar (Cierra la ventana emergente)
]]></system-out>
  </testcase>
  <testcase name="testObtenerTodos" classname="Servicio.IncidenciaServiceTest" time="0.041">
    <error message="Could not initialize class Observer.EntidadObservableSingleton" type="java.lang.NoClassDefFoundError"><![CDATA[java.lang.NoClassDefFoundError: Could not initialize class Observer.EntidadObservableSingleton
	at Servicio.IncidenciaService.registrar(IncidenciaService.java:60)
	at Servicio.IncidenciaServiceTest.testObtenerTodos(IncidenciaServiceTest.java:83)
	at java.base/java.lang.reflect.Method.invoke(Method.java:565)
	at java.base/java.util.ArrayList.forEach(ArrayList.java:1604)
	at java.base/java.util.ArrayList.forEach(ArrayList.java:1604)
Caused by: java.lang.ExceptionInInitializerError: Exception java.lang.IncompatibleClassChangeError: class Observer.EntidadObservable can not implement Observer.Observable, because it is not an interface (Observer.Observable is in unnamed module of loader 'app') [in thread "main"]
	at java.base/java.lang.ClassLoader.defineClass1(Native Method)
	at java.base/java.lang.ClassLoader.defineClass(ClassLoader.java:962)
	at java.base/java.security.SecureClassLoader.defineClass(SecureClassLoader.java:132)
	at java.base/jdk.internal.loader.BuiltinClassLoader.defineClass(BuiltinClassLoader.java:776)
	at java.base/jdk.internal.loader.BuiltinClassLoader.findClassOnClassPathOrNull(BuiltinClassLoader.java:691)
	at java.base/jdk.internal.loader.BuiltinClassLoader.loadClassOrNull(BuiltinClassLoader.java:620)
	at java.base/jdk.internal.loader.BuiltinClassLoader.loadClass(BuiltinClassLoader.java:578)
	at java.base/java.lang.ClassLoader.loadClass(ClassLoader.java:490)
	at Observer.EntidadObservableSingleton.<clinit>(EntidadObservableSingleton.java:9)
	at Servicio.IncidenciaService.registrar(IncidenciaService.java:60)
	at Servicio.IncidenciaServiceTest.testActualizar(IncidenciaServiceTest.java:112)
	... 3 more
]]></error>
    <system-out><![CDATA[TEST: Obtener Todos (Cierra la ventana emergente)
]]></system-out>
  </testcase>
  <testcase name="testBuscarPorId" classname="Servicio.IncidenciaServiceTest" time="0.05">
    <error message="Could not initialize class Observer.EntidadObservableSingleton" type="java.lang.NoClassDefFoundError"><![CDATA[java.lang.NoClassDefFoundError: Could not initialize class Observer.EntidadObservableSingleton
	at Servicio.IncidenciaService.registrar(IncidenciaService.java:60)
	at Servicio.IncidenciaServiceTest.testBuscarPorId(IncidenciaServiceTest.java:98)
	at java.base/java.lang.reflect.Method.invoke(Method.java:565)
	at java.base/java.util.ArrayList.forEach(ArrayList.java:1604)
	at java.base/java.util.ArrayList.forEach(ArrayList.java:1604)
Caused by: java.lang.ExceptionInInitializerError: Exception java.lang.IncompatibleClassChangeError: class Observer.EntidadObservable can not implement Observer.Observable, because it is not an interface (Observer.Observable is in unnamed module of loader 'app') [in thread "main"]
	at java.base/java.lang.ClassLoader.defineClass1(Native Method)
	at java.base/java.lang.ClassLoader.defineClass(ClassLoader.java:962)
	at java.base/java.security.SecureClassLoader.defineClass(SecureClassLoader.java:132)
	at java.base/jdk.internal.loader.BuiltinClassLoader.defineClass(BuiltinClassLoader.java:776)
	at java.base/jdk.internal.loader.BuiltinClassLoader.findClassOnClassPathOrNull(BuiltinClassLoader.java:691)
	at java.base/jdk.internal.loader.BuiltinClassLoader.loadClassOrNull(BuiltinClassLoader.java:620)
	at java.base/jdk.internal.loader.BuiltinClassLoader.loadClass(BuiltinClassLoader.java:578)
	at java.base/java.lang.ClassLoader.loadClass(ClassLoader.java:490)
	at Observer.EntidadObservableSingleton.<clinit>(EntidadObservableSingleton.java:9)
	at Servicio.IncidenciaService.registrar(IncidenciaService.java:60)
	at Servicio.IncidenciaServiceTest.testActualizar(IncidenciaServiceTest.java:112)
	... 3 more
]]></error>
    <system-out><![CDATA[TEST: Buscar Por ID (Cierra la ventana emergente)
]]></system-out>
  </testcase>
  <testcase name="testRegistrar" classname="Servicio.IncidenciaServiceTest" time="0.046">
    <error message="Could not initialize class Observer.EntidadObservableSingleton" type="java.lang.NoClassDefFoundError"><![CDATA[java.lang.NoClassDefFoundError: Could not initialize class Observer.EntidadObservableSingleton
	at Servicio.IncidenciaService.registrar(IncidenciaService.java:60)
	at Servicio.IncidenciaServiceTest.testRegistrar(IncidenciaServiceTest.java:74)
	at java.base/java.lang.reflect.Method.invoke(Method.java:565)
	at java.base/java.util.ArrayList.forEach(ArrayList.java:1604)
	at java.base/java.util.ArrayList.forEach(ArrayList.java:1604)
Caused by: java.lang.ExceptionInInitializerError: Exception java.lang.IncompatibleClassChangeError: class Observer.EntidadObservable can not implement Observer.Observable, because it is not an interface (Observer.Observable is in unnamed module of loader 'app') [in thread "main"]
	at java.base/java.lang.ClassLoader.defineClass1(Native Method)
	at java.base/java.lang.ClassLoader.defineClass(ClassLoader.java:962)
	at java.base/java.security.SecureClassLoader.defineClass(SecureClassLoader.java:132)
	at java.base/jdk.internal.loader.BuiltinClassLoader.defineClass(BuiltinClassLoader.java:776)
	at java.base/jdk.internal.loader.BuiltinClassLoader.findClassOnClassPathOrNull(BuiltinClassLoader.java:691)
	at java.base/jdk.internal.loader.BuiltinClassLoader.loadClassOrNull(BuiltinClassLoader.java:620)
	at java.base/jdk.internal.loader.BuiltinClassLoader.loadClass(BuiltinClassLoader.java:578)
	at java.base/java.lang.ClassLoader.loadClass(ClassLoader.java:490)
	at Observer.EntidadObservableSingleton.<clinit>(EntidadObservableSingleton.java:9)
	at Servicio.IncidenciaService.registrar(IncidenciaService.java:60)
	at Servicio.IncidenciaServiceTest.testActualizar(IncidenciaServiceTest.java:112)
	... 3 more
]]></error>
    <system-out><![CDATA[TEST: Registrar (Por favor, cierra la ventana emergente)
]]></system-out>
  </testcase>
  <testcase name="testEliminar" classname="Servicio.IncidenciaServiceTest" time="0.049">
    <error message="Could not initialize class Observer.EntidadObservableSingleton" type="java.lang.NoClassDefFoundError"><![CDATA[java.lang.NoClassDefFoundError: Could not initialize class Observer.EntidadObservableSingleton
	at Servicio.IncidenciaService.registrar(IncidenciaService.java:60)
	at Servicio.IncidenciaServiceTest.testEliminar(IncidenciaServiceTest.java:134)
	at java.base/java.lang.reflect.Method.invoke(Method.java:565)
	at java.base/java.util.ArrayList.forEach(ArrayList.java:1604)
	at java.base/java.util.ArrayList.forEach(ArrayList.java:1604)
Caused by: java.lang.ExceptionInInitializerError: Exception java.lang.IncompatibleClassChangeError: class Observer.EntidadObservable can not implement Observer.Observable, because it is not an interface (Observer.Observable is in unnamed module of loader 'app') [in thread "main"]
	at java.base/java.lang.ClassLoader.defineClass1(Native Method)
	at java.base/java.lang.ClassLoader.defineClass(ClassLoader.java:962)
	at java.base/java.security.SecureClassLoader.defineClass(SecureClassLoader.java:132)
	at java.base/jdk.internal.loader.BuiltinClassLoader.defineClass(BuiltinClassLoader.java:776)
	at java.base/jdk.internal.loader.BuiltinClassLoader.findClassOnClassPathOrNull(BuiltinClassLoader.java:691)
	at java.base/jdk.internal.loader.BuiltinClassLoader.loadClassOrNull(BuiltinClassLoader.java:620)
	at java.base/jdk.internal.loader.BuiltinClassLoader.loadClass(BuiltinClassLoader.java:578)
	at java.base/java.lang.ClassLoader.loadClass(ClassLoader.java:490)
	at Observer.EntidadObservableSingleton.<clinit>(EntidadObservableSingleton.java:9)
	at Servicio.IncidenciaService.registrar(IncidenciaService.java:60)
	at Servicio.IncidenciaServiceTest.testActualizar(IncidenciaServiceTest.java:112)
	... 3 more
]]></error>
    <system-out><![CDATA[TEST: Eliminar (Cierra la ventana emergente)
]]></system-out>
  </testcase>
</testsuite>