<?xml version="1.0" encoding="UTF-8"?>
<testsuite xmlns:xsi="http://www.w3.org/2001/XMLSchema-instance" xsi:noNamespaceSchemaLocation="https://maven.apache.org/surefire/maven-surefire-plugin/xsd/surefire-test-report-3.0.xsd" version="3.0" name="Pantallas.NewLoginTest" time="1.269" tests="1" errors="0" skipped="0" failures="0">
  <properties>
[...]
</properties>
  <testcase name="testInicializacionLogin" classname="Pantallas.NewLoginTest" time="1.236">
    <system-out><![CDATA[TEST: Inicialización de Login (Smoke Test)
Conexion a la base de datos MySQL establecida correctamente.
===== VALIDACIÓN DE DATOS EXISTENTES EN BD =====

CLIENTES REGISTRADOS (9):
  - Usuario | ppppc@gmail.com | $2a$10$MQfHI9McNi1yrZVZNbuFHO.zIffp1xqDHOP124AtCzwiP7uRIGQiu
  - Enrique Lujan | supervisor@gmail.com | $2a$10$rKX8QsJcEMKewca16w0dKuQNPTrkHd33JU.qGsohMN6ezWBi3/1Ly
  - Enrique Lujan | administrador@gmail.com | $2a$10$VORjOmnGoE2M.KC/Ud0ohexjlzv0xD72cmyifFhPtAGLyi4jYCh0y
  - Julio Nunja | dueño@gmail | 12345678
  - Juan Pérez | cliente1@mail.com | clave123
  - María López | cliente2@mail.com | pass456
  - Carlos Ramírez | cliente3@mail.com | safe789
  - Ana Torres | cliente4@mail.com | admin999
  - Luis Fernández | cliente5@mail.com | user777

DUEÑOS REGISTRADOS (1):
  - Usuario | ppppc@gmail.com | 123

 Conexion y validacion completadas correctamente.
]]></system-out>
  </testcase>
</testsuite>