<?xml version="1.0" encoding="UTF-8"?>
<testsuite xmlns:xsi="http://www.w3.org/2001/XMLSchema-instance" xsi:noNamespaceSchemaLocation="https://maven.apache.org/surefire/maven-surefire-plugin/xsd/surefire-test-report-3.0.xsd" version="3.0" name="Servicio.IClienteServiceTest" time="0.509" tests="5" errors="5" skipped="0" failures="0">
  <properties>
[...]
</properties>
  <testcase name="testActualizar" classname="Servicio.IClienteServiceTest" time="0.408">
    <error message="Cannot invoke &quot;java.sql.Connection.prepareStatement(String)&quot; because &quot;conn&quot; is null" type="java.lang.NullPointerException"><![CDATA[java.lang.NullPointerException: Cannot invoke "java.sql.Connection.prepareStatement(String)" because "conn" is null
	at Repositorio.ClienteRepositorio.verificarExistencia(ClienteRepositorio.java:163)
	at Repositorio.ClienteRepositorio.emailRegistrado(ClienteRepositorio.java:154)
	at Servicio.ClienteService.validarAntesDeRegistrar(ClienteService.java:79)
	at Servicio.ClienteService.registrar(ClienteService.java:58)
	at Servicio.IClienteServiceTest.testActualizar(IClienteServiceTest.java:101)
	at java.base/java.lang.reflect.Method.invoke(Method.java:565)
	at java.base/java.util.ArrayList.forEach(ArrayList.java:1604)
	at java.base/java.util.ArrayList.forEach(ArrayList.java:1604)
]]></error>
    <system-out><![CDATA[TEST: Actualizar (Cierra el JOptionPane)
No se pudo limpiar el dato (posiblemente ya eliminado o FK)
]]></system-out>
    <system-err><![CDATA[Error al conectar con la base de datos: Public Key Retrieval is not allowed
Error al establecer nueva conexion: Public Key Retrieval is not allowed
Error al establecer nueva conexion: Public Key Retrieval is not allowed
]]></system-err>
  </testcase>
  <testcase name="testObtenerTodos" classname="Servicio.IClienteServiceTest" time="0.011">
    <error message="Cannot invoke &quot;java.sql.Connection.prepareStatement(String)&quot; because &quot;conn&quot; is null" type="java.lang.NullPointerException"><![CDATA[java.lang.NullPointerException: Cannot invoke "java.sql.Connection.prepareStatement(String)" because "conn" is null
	at Repositorio.ClienteRepositorio.verificarExistencia(ClienteRepositorio.java:163)
	at Repositorio.ClienteRepositorio.emailRegistrado(ClienteRepositorio.java:154)
	at Servicio.ClienteService.validarAntesDeRegistrar(ClienteService.java:79)
	at Servicio.ClienteService.registrar(ClienteService.java:58)
	at Servicio.IClienteServiceTest.testObtenerTodos(IClienteServiceTest.java:75)
	at java.base/java.lang.reflect.Method.invoke(Method.java:565)
	at java.base/java.util.ArrayList.forEach(ArrayList.java:1604)
	at java.base/java.util.ArrayList.forEach(ArrayList.java:1604)
]]></error>
    <system-out><![CDATA[TEST: Obtener Todos (Cierra el JOptionPane)
No se pudo limpiar el dato (posiblemente ya eliminado o FK)
]]></system-out>
    <system-err><![CDATA[Error al establecer nueva conexion: Public Key Retrieval is not allowed
Error al establecer nueva conexion: Public Key Retrieval is not allowed
]]></system-err>
  </testcase>
  <testcase name="testBuscarPorId" classname="Servicio.IClienteServiceTest" time="0.013">
    <error message="Cannot invoke &quot;java.sql.Connection.prepareStatement(String)&quot; because &quot;conn&quot; is null" type="java.lang.NullPointerException"><![CDATA[java.lang.NullPointerException: Cannot invoke "java.sql.Connection.prepareStatement(String)" because "conn" is null
	at Repositorio.ClienteRepositorio.verificarExistencia(ClienteRepositorio.java:163)
	at Repositorio.ClienteRepositorio.emailRegistrado(ClienteRepositorio.java:154)
	at Servicio.ClienteService.validarAntesDeRegistrar(ClienteService.java:79)
	at Servicio.ClienteService.registrar(ClienteService.java:58)
	at Servicio.IClienteServiceTest.testBuscarPorId(IClienteServiceTest.java:87)
	at java.base/java.lang.reflect.Method.invoke(Method.java:565)
	at java.base/java.util.ArrayList.forEach(ArrayList.java:1604)
	at java.base/java.util.ArrayList.forEach(ArrayList.java:1604)
]]></error>
    <system-out><![CDATA[TEST: Buscar Por ID (Cierra el JOptionPane)
No se pudo limpiar el dato (posiblemente ya eliminado o FK)
]]></system-out>
    <system-err><![CDATA[Error al establecer nueva conexion: Public Key Retrieval is not allowed
Error al establecer nueva conexion: Public Key Retrieval is not allowed
]]></system-err>
  </testcase>
  <testcase name="testRegistrar" classname="Servicio.IClienteServiceTest" time="0.009">
    <error message="Cannot invoke &quot;java.sql.Connection.prepareStatement(String)&quot; because &quot;conn&quot; is null" type="java.lang.NullPointerException"><![CDATA[java.lang.NullPointerException: Cannot invoke "java.sql.Connection.prepareStatement(String)" because "conn" is null
	at Repositorio.ClienteRepositorio.verificarExistencia(ClienteRepositorio.java:163)
	at Repositorio.ClienteRepositorio.emailRegistrado(ClienteRepositorio.java:154)
	at Servicio.ClienteService.validarAntesDeRegistrar(ClienteService.java:79)
	at Servicio.ClienteService.registrar(ClienteService.java:58)
	at Servicio.IClienteServiceTest.testRegistrar(IClienteServiceTest.java:65)
	at java.base/java.lang.reflect.Method.invoke(Method.java:565)
	at java.base/java.util.ArrayList.forEach(ArrayList.java:1604)
	at java.base/java.util.ArrayList.forEach(ArrayList.java:1604)
]]></error>
    <system-out><![CDATA[TEST: Registrar (Por favor cierra el JOptionPane)
No se pudo limpiar el dato (posiblemente ya eliminado o FK)
]]></system-out>
    <system-err><![CDATA[Error al establecer nueva conexion: Public Key Retrieval is not allowed
Error al establecer nueva conexion: Public Key Retrieval is not allowed
]]></system-err>
  </testcase>
  <testcase name="testEliminar" classname="Servicio.IClienteServiceTest" time="0.01">
    <error message="Cannot invoke &quot;java.sql.Connection.prepareStatement(String)&quot; because &quot;conn&quot; is null" type="java.lang.NullPointerException"><![CDATA[java.lang.NullPointerException: Cannot invoke "java.sql.Connection.prepareStatement(String)" because "conn" is null
	at Repositorio.ClienteRepositorio.verificarExistencia(ClienteRepositorio.java:163)
	at Repositorio.ClienteRepositorio.emailRegistrado(ClienteRepositorio.java:154)
	at Servicio.ClienteService.validarAntesDeRegistrar(ClienteService.java:79)
	at Servicio.ClienteService.registrar(ClienteService.java:58)
	at Servicio.IClienteServiceTest.testEliminar(IClienteServiceTest.java:121)
	at java.base/java.lang.reflect.Method.invoke(Method.java:565)
	at java.base/java.util.ArrayList.forEach(ArrayList.java:1604)
	at java.base/java.util.ArrayList.forEach(ArrayList.java:1604)
]]></error>
    <system-out><![CDATA[TEST: Eliminar (Cierra el JOptionPane)
No se pudo limpiar el dato (posiblemente ya eliminado o FK)
]]></system-out>
    <system-err><![CDATA[Error al establecer nueva conexion: Public Key Retrieval is not allowed
Error al establecer nueva conexion: Public Key Retrieval is not allowed
]]></system-err>
  </testcase>
</testsuite>