<?xml version="1.0" encoding="UTF-8"?>
<testsuite xmlns:xsi="http://www.w3.org/2001/XMLSchema-instance" xsi:noNamespaceSchemaLocation="https://maven.apache.org/surefire/maven-surefire-plugin/xsd/surefire-test-report-3.0.xsd" version="3.0" name="Servicio.IncidenciaServiceTest" time="0.739" tests="5" errors="5" skipped="0" failures="0">
  <properties>
    <property name="java.specification.version" value="24"/>
    <property name="sun.cpu.isalist" value="amd64"/>
    <property name="sun.jnu.encoding" value="Cp1252"/>
    <property name="java.class.path" value="C:\Users\USUARIO\Desktop\cursoIntegradorBackup\cursoIntegradorFinal-main\target\test-classes;C:\Users\USUARIO\Desktop\cursoIntegradorBackup\cursoIntegradorFinal-main\target\classes;C:\Users\USUARIO\.m2\repository\com\mysql\mysql-connector-j\8.4.0\mysql-connector-j-8.4.0.jar;C:\Users\USUARIO\.m2\repository\com\google\protobuf\protobuf-java\3.25.1\protobuf-java-3.25.1.jar;C:\Users\USUARIO\.m2\repository\com\itextpdf\itextpdf\5.5.13.3\itextpdf-5.5.13.3.jar;C:\Users\USUARIO\.m2\repository\org\netbeans\external\AbsoluteLayout\RELEASE250\AbsoluteLayout-RELEASE250.jar;C:\Users\USUARIO\.m2\repository\com\formdev\flatlaf\3.5.2\flatlaf-3.5.2.jar;C:\Users\USUARIO\.m2\repository\com\formdev\flatlaf-intellij-themes\3.5.2\flatlaf-intellij-themes-3.5.2.jar;C:\Users\USUARIO\.m2\repository\com\toedter\jcalendar\1.4\jcalendar-1.4.jar;C:\Users\USUARIO\.m2\repository\org\mindrot\jbcrypt\0.4\jbcrypt-0.4.jar;C:\Users\USUARIO\.m2\repository\org\junit\jupiter\junit-jupiter-api\5.10.3\junit-jupiter-api-5.10.3.jar;C:\Users\USUARIO\.m2\repository\org\opentest4j\opentest4j\1.3.0\opentest4j-1.3.0.jar;C:\Users\USUARIO\.m2\repository\org\junit\platform\junit-platform-commons\1.10.3\junit-platform-commons-1.10.3.jar;C:\Users\USUARIO\.m2\repository\org\apiguardian\apiguardian-api\1.1.2\apiguardian-api-1.1.2.jar;C:\Users\USUARIO\.m2\repository\org\junit\jupiter\junit-jupiter-params\5.10.3\junit-jupiter-params-5.10.3.jar;C:\Users\USUARIO\.m2\repository\org\junit\jupiter\junit-jupiter-engine\5.10.3\junit-jupiter-engine-5.10.3.jar;C:\Users\USUARIO\.m2\repository\org\junit\platform\junit-platform-engine\1.10.3\junit-platform-engine-1.10.3.jar;"/>
    <property name="java.vm.vendor" value="Oracle Corporation"/>
    <property name="sun.arch.data.model" value="64"/>
    <property name="user.variant" value=""/>
    <property name="java.vendor.url" value="https://java.oracle.com/"/>
    <property name="user.timezone" value="America/Lima"/>
    <property name="os.name" value="Windows 11"/>
    <property name="java.vm.specification.version" value="24"/>
    <property name="user.country" value="PE"/>
    <property name="sun.java.launcher" value="SUN_STANDARD"/>
    <property name="sun.boot.library.path" value="C:\Program Files\Java\jdk-24\bin"/>
    <property name="sun.java.command" value="C:\Users\USUARIO\AppData\Local\Temp\surefire15836544074810462125\surefirebooter-20251128151525267_3.jar C:\Users\USUARIO\AppData\Local\Temp\surefire15836544074810462125 2025-11-28T15-15-25_084-jvmRun1 surefire-20251128151525267_1tmp surefire_0-20251128151525267_2tmp"/>
    <property name="jdk.debug" value="release"/>
    <property name="test" value="Servicio.IncidenciaServiceTest"/>
    <property name="surefire.test.class.path" value="C:\Users\USUARIO\Desktop\cursoIntegradorBackup\cursoIntegradorFinal-main\target\test-classes;C:\Users\USUARIO\Desktop\cursoIntegradorBackup\cursoIntegradorFinal-main\target\classes;C:\Users\USUARIO\.m2\repository\com\mysql\mysql-connector-j\8.4.0\mysql-connector-j-8.4.0.jar;C:\Users\USUARIO\.m2\repository\com\google\protobuf\protobuf-java\3.25.1\protobuf-java-3.25.1.jar;C:\Users\USUARIO\.m2\repository\com\itextpdf\itextpdf\5.5.13.3\itextpdf-5.5.13.3.jar;C:\Users\USUARIO\.m2\repository\org\netbeans\external\AbsoluteLayout\RELEASE250\AbsoluteLayout-RELEASE250.jar;C:\Users\USUARIO\.m2\repository\com\formdev\flatlaf\3.5.2\flatlaf-3.5.2.jar;C:\Users\USUARIO\.m2\repository\com\formdev\flatlaf-intellij-themes\3.5.2\flatlaf-intellij-themes-3.5.2.jar;C:\Users\USUARIO\.m2\repository\com\toedter\jcalendar\1.4\jcalendar-1.4.jar;C:\Users\USUARIO\.m2\repository\org\mindrot\jbcrypt\0.4\jbcrypt-0.4.jar;C:\Users\USUARIO\.m2\repository\org\junit\jupiter\junit-jupiter-api\5.10.3\junit-jupiter-api-5.10.3.jar;C:\Users\USUARIO\.m2\repository\org\opentest4j\opentest4j\1.3.0\opentest4j-1.3.0.jar;C:\Users\USUARIO\.m2\repository\org\junit\platform\junit-platform-commons\1.10.3\junit-platform-commons-1.10.3.jar;C:\Users\USUARIO\.m2\repository\org\apiguardian\apiguardian-api\1.1.2\apiguardian-api-1.1.2.jar;C:\Users\USUARIO\.m2\repository\org\junit\jupiter\junit-jupiter-params\5.10.3\junit-jupiter-params-5.10.3.jar;C:\Users\USUARIO\.m2\repository\org\junit\jupiter\junit-jupiter-engine\5.10.3\junit-jupiter-engine-5.10.3.jar;C:\Users\USUARIO\.m2\repository\org\junit\platform\junit-platform-engine\1.10.3\junit-platform-engine-1.10.3.jar;"/>
    <property name="sun.cpu.endian" value="little"/>
    <property name="user.home" value="C:\Users\USUARIO"/>
    <property name="user.language" value="es"/>
    <property name="java.specification.vendor" value="Oracle Corporation"/>
    <property name="java.version.date" value="2025-03-18"/>
    <property name="java.home" value="C:\Program Files\Java\jdk-24"/>
    <property name="file.separator" value="\"/>
    <property name="basedir" value="C:\Users\USUARIO\Desktop\cursoIntegradorBackup\cursoIntegradorFinal-main"/>
    <property name="java.vm.compressedOopsMode" value="Zero based"/>
    <property name="line.separator" value="&#10;"/>
    <property name="java.vm.specification.vendor" value="Oracle Corporation"/>
    <property name="java.specification.name" value="Java Platform API Specification"/>
    <property name="surefire.real.class.path" value="C:\Users\USUARIO\AppData\Local\Temp\surefire15836544074810462125\surefirebooter-20251128151525267_3.jar"/>
    <property name="user.script" value=""/>
    <property name="sun.management.compiler" value="HotSpot 64-Bit Tiered Compilers"/>
    <property name="java.runtime.version" value="24+36-3646"/>
    <property name="user.name" value="USUARIO"/>
    <property name="stdout.encoding" value="Cp1252"/>
    <property name="path.separator" value=";"/>
    <property name="os.version" value="10.0"/>
    <property name="java.runtime.name" value="Java(TM) SE Runtime Environment"/>
    <property name="file.encoding" value="UTF-8"/>
    <property name="java.vm.name" value="Java HotSpot(TM) 64-Bit Server VM"/>
    <property name="maven.ext.class.path" value="C:\Program Files\NetBeans-25\netbeans\java\maven-nblib\netbeans-eventspy.jar"/>
    <property name="localRepository" value="C:\Users\USUARIO\.m2\repository"/>
    <property name="java.vendor.url.bug" value="https://bugreport.java.com/bugreport/"/>
    <property name="java.io.tmpdir" value="C:\Users\USUARIO\AppData\Local\Temp\"/>
    <property name="java.version" value="24"/>
    <property name="user.dir" value="C:\Users\USUARIO\Desktop\cursoIntegradorBackup\cursoIntegradorFinal-main"/>
    <property name="os.arch" value="amd64"/>
    <property name="java.vm.specification.name" value="Java Virtual Machine Specification"/>
    <property name="sun.os.patch.level" value=""/>
    <property name="native.encoding" value="Cp1252"/>
    <property name="java.library.path" value="C:\Program Files\Java\jdk-24\bin;C:\WINDOWS\Sun\Java\bin;C:\WINDOWS\system32;C:\WINDOWS;E:\app\USUARIO\product\Oracle\21c\dbhomeXE\bin;C:\Program Files\Common Files\Oracle\Java\javapath;E:\Program Files\MVware\bin\;C:\WINDOWS\system32;C:\WINDOWS;C:\WINDOWS\System32\Wbem;C:\WINDOWS\System32\WindowsPowerShell\v1.0\;C:\WINDOWS\System32\OpenSSH\;C:\Program Files\dotnet\;E:\Program Files\Git\cmd;E:\Program Files\nodejs\;C:\Users\USUARIO\AppData\Local\Microsoft\WindowsApps;E:\Program Files (x86)\Microsoft VS Code\bin;C:\Program Files\MongoDB\Server\8.0\bin;C:\Program Files\MongoDB\mongosh-2.5.2-win32-x64\bin;C:\Users\USUARIO\AppData\Roaming\npm;."/>
    <property name="java.vm.info" value="mixed mode, sharing"/>
    <property name="stderr.encoding" value="Cp1252"/>
    <property name="java.vendor" value="Oracle Corporation"/>
    <property name="java.vm.version" value="24+36-3646"/>
    <property name="sun.io.unicode.encoding" value="UnicodeLittle"/>
    <property name="java.class.version" value="68.0"/>
  </properties>
  <testcase name="testActualizar" classname="Servicio.IncidenciaServiceTest" time="0.504">
    <error message="class Observer.EntidadObservable can not implement Observer.Observable, because it is not an interface (Observer.Observable is in unnamed module of loader &apos;app&apos;)" type="java.lang.IncompatibleClassChangeError"><![CDATA[java.lang.IncompatibleClassChangeError: class Observer.EntidadObservable can not implement Observer.Observable, because it is not an interface (Observer.Observable is in unnamed module of loader 'app')
	at java.base/java.lang.ClassLoader.defineClass1(Native Method)
	at java.base/java.lang.ClassLoader.defineClass(ClassLoader.java:962)
	at java.base/java.security.SecureClassLoader.defineClass(SecureClassLoader.java:132)
	at java.base/jdk.internal.loader.BuiltinClassLoader.defineClass(BuiltinClassLoader.java:776)
	at java.base/jdk.internal.loader.BuiltinClassLoader.findClassOnClassPathOrNull(BuiltinClassLoader.java:691)
	at java.base/jdk.internal.loader.BuiltinClassLoader.loadClassOrNull(BuiltinClassLoader.java:620)
	at java.base/jdk.internal.loader.BuiltinClassLoader.loadClass(BuiltinClassLoader.java:578)
	at java.base/java.lang.ClassLoader.loadClass(ClassLoader.java:490)
	at Observer.EntidadObservableSingleton.<clinit>(EntidadObservableSingleton.java:9)
	at Servicio.IncidenciaService.registrar(IncidenciaService.java:60)
	at Servicio.IncidenciaServiceTest.testActualizar(IncidenciaServiceTest.java:112)
	at java.base/java.lang.reflect.Method.invoke(Method.java:565)
	at java.base/java.util.ArrayList.forEach(ArrayList.java:1604)
	at java.base/java.util.ArrayList.forEach(ArrayList.java:1604)
]]></error>
    <system-out><![CDATA[Conexion a la base de datos MySQL establecida correctamente.
TEST: Actualizar (Cierra la ventana emergente)
]]></system-out>
  </testcase>
  <testcase name="testObtenerTodos" classname="Servicio.IncidenciaServiceTest" time="0.041">
    <error message="Could not initialize class Observer.EntidadObservableSingleton" type="java.lang.NoClassDefFoundError"><![CDATA[java.lang.NoClassDefFoundError: Could not initialize class Observer.EntidadObservableSingleton
	at Servicio.IncidenciaService.registrar(IncidenciaService.java:60)
	at Servicio.IncidenciaServiceTest.testObtenerTodos(IncidenciaServiceTest.java:83)
	at java.base/java.lang.reflect.Method.invoke(Method.java:565)
	at java.base/java.util.ArrayList.forEach(ArrayList.java:1604)
	at java.base/java.util.ArrayList.forEach(ArrayList.java:1604)
Caused by: java.lang.ExceptionInInitializerError: Exception java.lang.IncompatibleClassChangeError: class Observer.EntidadObservable can not implement Observer.Observable, because it is not an interface (Observer.Observable is in unnamed module of loader 'app') [in thread "main"]
	at java.base/java.lang.ClassLoader.defineClass1(Native Method)
	at java.base/java.lang.ClassLoader.defineClass(ClassLoader.java:962)
	at java.base/java.security.SecureClassLoader.defineClass(SecureClassLoader.java:132)
	at java.base/jdk.internal.loader.BuiltinClassLoader.defineClass(BuiltinClassLoader.java:776)
	at java.base/jdk.internal.loader.BuiltinClassLoader.findClassOnClassPathOrNull(BuiltinClassLoader.java:691)
	at java.base/jdk.internal.loader.BuiltinClassLoader.loadClassOrNull(BuiltinClassLoader.java:620)
	at java.base/jdk.internal.loader.BuiltinClassLoader.loadClass(BuiltinClassLoader.java:578)
	at java.base/java.lang.ClassLoader.loadClass(ClassLoader.java:490)
	at Observer.EntidadObservableSingleton.<clinit>(EntidadObservableSingleton.java:9)
	at Servicio.IncidenciaService.registrar(IncidenciaService.java:60)
	at Servicio.IncidenciaServiceTest.testActualizar(IncidenciaServiceTest.java:112)
	... 3 more
]]></error>
    <system-out><![CDATA[TEST: Obtener Todos (Cierra la ventana emergente)
]]></system-out>
  </testcase>
  <testcase name="testBuscarPorId" classname="Servicio.IncidenciaServiceTest" time="0.05">
    <error message="Could not initialize class Observer.EntidadObservableSingleton" type="java.lang.NoClassDefFoundError"><![CDATA[java.lang.NoClassDefFoundError: Could not initialize class Observer.EntidadObservableSingleton
	at Servicio.IncidenciaService.registrar(IncidenciaService.java:60)
	at Servicio.IncidenciaServiceTest.testBuscarPorId(IncidenciaServiceTest.java:98)
	at java.base/java.lang.reflect.Method.invoke(Method.java:565)
	at java.base/java.util.ArrayList.forEach(ArrayList.java:1604)
	at java.base/java.util.ArrayList.forEach(ArrayList.java:1604)
Caused by: java.lang.ExceptionInInitializerError: Exception java.lang.IncompatibleClassChangeError: class Observer.EntidadObservable can not implement Observer.Observable, because it is not an interface (Observer.Observable is in unnamed module of loader 'app') [in thread "main"]
	at java.base/java.lang.ClassLoader.defineClass1(Native Method)
	at java.base/java.lang.ClassLoader.defineClass(ClassLoader.java:962)
	at java.base/java.security.SecureClassLoader.defineClass(SecureClassLoader.java:132)
	at java.base/jdk.internal.loader.BuiltinClassLoader.defineClass(BuiltinClassLoader.java:776)
	at java.base/jdk.internal.loader.BuiltinClassLoader.findClassOnClassPathOrNull(BuiltinClassLoader.java:691)
	at java.base/jdk.internal.loader.BuiltinClassLoader.loadClassOrNull(BuiltinClassLoader.java:620)
	at java.base/jdk.internal.loader.BuiltinClassLoader.loadClass(BuiltinClassLoader.java:578)
	at java.base/java.lang.ClassLoader.loadClass(ClassLoader.java:490)
	at Observer.EntidadObservableSingleton.<clinit>(EntidadObservableSingleton.java:9)
	at Servicio.IncidenciaService.registrar(IncidenciaService.java:60)
	at Servicio.IncidenciaServiceTest.testActualizar(IncidenciaServiceTest.java:112)
	... 3 more
]]></error>
    <system-out><![CDATA[TEST: Buscar Por ID (Cierra la ventana emergente)
]]></system-out>
  </testcase>
  <testcase name="testRegistrar" classname="Servicio.IncidenciaServiceTest" time="0.046">
    <error message="Could not initialize class Observer.EntidadObservableSingleton" type="java.lang.NoClassDefFoundError"><![CDATA[java.lang.NoClassDefFoundError: Could not initialize class Observer.EntidadObservableSingleton
	at Servicio.IncidenciaService.registrar(IncidenciaService.java:60)
	at Servicio.IncidenciaServiceTest.testRegistrar(IncidenciaServiceTest.java:74)
	at java.base/java.lang.reflect.Method.invoke(Method.java:565)
	at java.base/java.util.ArrayList.forEach(ArrayList.java:1604)
	at java.base/java.util.ArrayList.forEach(ArrayList.java:1604)
Caused by: java.lang.ExceptionInInitializerError: Exception java.lang.IncompatibleClassChangeError: class Observer.EntidadObservable can not implement Observer.Observable, because it is not an interface (Observer.Observable is in unnamed module of loader 'app') [in thread "main"]
	at java.base/java.lang.ClassLoader.defineClass1(Native Method)
	at java.base/java.lang.ClassLoader.defineClass(ClassLoader.java:962)
	at java.base/java.security.SecureClassLoader.defineClass(SecureClassLoader.java:132)
	at java.base/jdk.internal.loader.BuiltinClassLoader.defineClass(BuiltinClassLoader.java:776)
	at java.base/jdk.internal.loader.BuiltinClassLoader.findClassOnClassPathOrNull(BuiltinClassLoader.java:691)
	at java.base/jdk.internal.loader.BuiltinClassLoader.loadClassOrNull(BuiltinClassLoader.java:620)
	at java.base/jdk.internal.loader.BuiltinClassLoader.loadClass(BuiltinClassLoader.java:578)
	at java.base/java.lang.ClassLoader.loadClass(ClassLoader.java:490)
	at Observer.EntidadObservableSingleton.<clinit>(EntidadObservableSingleton.java:9)
	at Servicio.IncidenciaService.registrar(IncidenciaService.java:60)
	at Servicio.IncidenciaServiceTest.testActualizar(IncidenciaServiceTest.java:112)
	... 3 more
]]></error>
    <system-out><![CDATA[TEST: Registrar (Por favor, cierra la ventana emergente)
]]></system-out>
  </testcase>
  <testcase name="testEliminar" classname="Servicio.IncidenciaServiceTest" time="0.049">
    <error message="Could not initialize class Observer.EntidadObservableSingleton" type="java.lang.NoClassDefFoundError"><![CDATA[java.lang.NoClassDefFoundError: Could not initialize class Observer.EntidadObservableSingleton
	at Servicio.IncidenciaService.registrar(IncidenciaService.java:60)
	at Servicio.IncidenciaServiceTest.testEliminar(IncidenciaServiceTest.java:134)
	at java.base/java.lang.reflect.Method.invoke(Method.java:565)
	at java.base/java.util.ArrayList.forEach(ArrayList.java:1604)
	at java.base/java.util.ArrayList.forEach(ArrayList.java:1604)
Caused by: java.lang.ExceptionInInitializerError: Exception java.lang.IncompatibleClassChangeError: class Observer.EntidadObservable can not implement Observer.Observable, because it is not an interface (Observer.Observable is in unnamed module of loader 'app') [in thread "main"]
	at java.base/java.lang.ClassLoader.defineClass1(Native Method)
	at java.base/java.lang.ClassLoader.defineClass(ClassLoader.java:962)
	at java.base/java.security.SecureClassLoader.defineClass(SecureClassLoader.java:132)
	at java.base/jdk.internal.loader.BuiltinClassLoader.defineClass(BuiltinClassLoader.java:776)
	at java.base/jdk.internal.loader.BuiltinClassLoader.findClassOnClassPathOrNull(BuiltinClassLoader.java:691)
	at java.base/jdk.internal.loader.BuiltinClassLoader.loadClassOrNull(BuiltinClassLoader.java:620)
	at java.base/jdk.internal.loader.BuiltinClassLoader.loadClass(BuiltinClassLoader.java:578)
	at java.base/java.lang.ClassLoader.loadClass(ClassLoader.java:490)
	at Observer.EntidadObservableSingleton.<clinit>(EntidadObservableSingleton.java:9)
	at Servicio.IncidenciaService.registrar(IncidenciaService.java:60)
	at Servicio.IncidenciaServiceTest.testActualizar(IncidenciaServiceTest.java:112)
	... 3 more
]]></error>
    <system-out><![CDATA[TEST: Eliminar (Cierra la ventana emergente)
]]></system-out>
  </testcase>
</testsuite>