<?xml version="1.0" encoding="UTF-8"?>
<testsuite xmlns:xsi="http://www.w3.org/2001/XMLSchema-instance" xsi:noNamespaceSchemaLocation="https://maven.apache.org/surefire/maven-surefire-plugin/xsd/surefire-test-report-3.0.xsd" version="3.0" name="Repositorio.ProyectoRepositorioTest" time="0.939" tests="8" errors="0" skipped="0" failures="0">
  <properties>
[...]
</properties>
  <testcase name="testActualizar" classname="Repositorio.ProyectoRepositorioTest" time="0.527">
    <system-out><![CDATA[Conexion a la base de datos MySQL establecida correctamente.
TEST: actualizar
]]></system-out>
  </testcase>
  <testcase name="testObtenerPorUsuario" classname="Repositorio.ProyectoRepositorioTest" time="0.063">
    <system-out><![CDATA[TEST: obtenerPorUsuario (Cliente ID)
]]></system-out>
  </testcase>
  <testcase name="testVerPorEstado" classname="Repositorio.ProyectoRepositorioTest" time="0.058">
    <system-out><![CDATA[TEST: verPorEstado
]]></system-out>
  </testcase>
  <testcase name="testValidacionesCliente" classname="Repositorio.ProyectoRepositorioTest" time="0.034">
    <system-out><![CDATA[TEST: Validaciones (idRegistrado en tabla Cliente)
]]></system-out>
  </testcase>
  <testcase name="testObtenerPorId" classname="Repositorio.ProyectoRepositorioTest" time="0.065">
    <system-out><![CDATA[TEST: obtenerPorId
]]></system-out>
  </testcase>
  <testcase name="testObtenerTodos" classname="Repositorio.ProyectoRepositorioTest" time="0.047">
    <system-out><![CDATA[TEST: obtenerTodos
]]></system-out>
  </testcase>
  <testcase name="testRegistrar" classname="Repositorio.ProyectoRepositorioTest" time="0.047">
    <system-out><![CDATA[TEST: registrar
]]></system-out>
  </testcase>
  <testcase name="testEliminar" classname="Repositorio.ProyectoRepositorioTest" time="0.049">
    <system-out><![CDATA[TEST: eliminar
]]></system-out>
  </testcase>
</testsuite>