-------------------------------------------------------------------------------
Test set: Vistas.TablaClienteTest
-------------------------------------------------------------------------------
Tests run: 1, Failures: 0, Errors: 1, Skipped: 0, Time elapsed: 0.867 s <<< FAILURE! -- in Vistas.TablaClienteTest
Vistas.TablaClienteTest.testInicializacionYActualizacion -- Time elapsed: 0.831 s <<< ERROR!
java.lang.IncompatibleClassChangeError: class Observer.EntidadObservable can not implement Observer.Observable, because it is not an interface (Observer.Observable is in unnamed module of loader 'app')
	at java.base/java.lang.ClassLoader.defineClass1(Native Method)
	at java.base/java.lang.ClassLoader.defineClass(ClassLoader.java:962)
	at java.base/java.security.SecureClassLoader.defineClass(SecureClassLoader.java:132)
	at java.base/jdk.internal.loader.BuiltinClassLoader.defineClass(BuiltinClassLoader.java:776)
	at java.base/jdk.internal.loader.BuiltinClassLoader.findClassOnClassPathOrNull(BuiltinClassLoader.java:691)
	at java.base/jdk.internal.loader.BuiltinClassLoader.loadClassOrNull(BuiltinClassLoader.java:620)
	at java.base/jdk.internal.loader.BuiltinClassLoader.loadClass(BuiltinClassLoader.java:578)
	at java.base/java.lang.ClassLoader.loadClass(ClassLoader.java:490)
	at Observer.EntidadObservableSingleton.<clinit>(EntidadObservableSingleton.java:9)
	at Vistas.TablaCliente.<init>(TablaCliente.java:25)
	at Vistas.TablaClienteTest.testInicializacionYActualizacion(TablaClienteTest.java:19)
	at java.base/java.lang.reflect.Method.invoke(Method.java:565)
	at java.base/java.util.ArrayList.forEach(ArrayList.java:1604)
	at java.base/java.util.ArrayList.forEach(ArrayList.java:1604)

